0 info it worked if it ends with ok
1 verbose cli [ 'C:\\Program Files\\nodejs\\node.exe',
1 verbose cli   'C:\\Program Files\\nodejs\\node_modules\\npm\\bin\\npm-cli.js',
1 verbose cli   'run',
1 verbose cli   'build' ]
2 info using npm@3.10.10
3 info using node@v6.11.3
4 verbose run-script [ 'prebuild', 'build', 'postbuild' ]
5 info lifecycle vuejs-tutorials@~prebuild: vuejs-tutorials@
6 silly lifecycle vuejs-tutorials@~prebuild: no script for prebuild, continuing
7 info lifecycle vuejs-tutorials@~build: vuejs-tutorials@
8 verbose lifecycle vuejs-tutorials@~build: unsafe-perm in lifecycle true
9 verbose lifecycle vuejs-tutorials@~build: PATH: C:\Program Files\nodejs\node_modules\npm\bin\node-gyp-bin;C:\Users\Игорь\Desktop\blog\node_modules\.bin;C:\ProgramData\Oracle\Java\javapath;C:\Windows\system32;C:\Windows;C:\Windows\System32\Wbem;C:\Windows\System32\WindowsPowerShell\v1.0\;C:\Program Files\Skype\Phone\;C:\Go\bin;C:\TDM-GCC-32\bin;C:\Program Files\nodejs\;C:\Program Files\Git\cmd
10 verbose lifecycle vuejs-tutorials@~build: CWD: C:\Users\Игорь\Desktop\blog
11 silly lifecycle vuejs-tutorials@~build: Args: [ '/d /s /c', 'cross-env NODE_ENV=production webpack' ]
12 silly lifecycle vuejs-tutorials@~build: Returned: code: 2  signal: null
13 info lifecycle vuejs-tutorials@~build: Failed to exec build script
14 verbose stack Error: vuejs-tutorials@ build: `cross-env NODE_ENV=production webpack`
14 verbose stack Exit status 2
14 verbose stack     at EventEmitter.<anonymous> (C:\Program Files\nodejs\node_modules\npm\lib\utils\lifecycle.js:255:16)
14 verbose stack     at emitTwo (events.js:106:13)
14 verbose stack     at EventEmitter.emit (events.js:191:7)
14 verbose stack     at ChildProcess.<anonymous> (C:\Program Files\nodejs\node_modules\npm\lib\utils\spawn.js:40:14)
14 verbose stack     at emitTwo (events.js:106:13)
14 verbose stack     at ChildProcess.emit (events.js:191:7)
14 verbose stack     at maybeClose (internal/child_process.js:920:16)
14 verbose stack     at Process.ChildProcess._handle.onexit (internal/child_process.js:230:5)
15 verbose pkgid vuejs-tutorials@
16 verbose cwd C:\Users\Игорь\Desktop\blog
17 error Windows_NT 6.1.7601
18 error argv "C:\\Program Files\\nodejs\\node.exe" "C:\\Program Files\\nodejs\\node_modules\\npm\\bin\\npm-cli.js" "run" "build"
19 error node v6.11.3
20 error npm  v3.10.10
21 error code ELIFECYCLE
22 error vuejs-tutorials@ build: `cross-env NODE_ENV=production webpack`
22 error Exit status 2
23 error Failed at the vuejs-tutorials@ build script 'cross-env NODE_ENV=production webpack'.
23 error Make sure you have the latest version of node.js and npm installed.
23 error If you do, this is most likely a problem with the vuejs-tutorials package,
23 error not with npm itself.
23 error Tell the author that this fails on your system:
23 error     cross-env NODE_ENV=production webpack
23 error You can get information on how to open an issue for this project with:
23 error     npm bugs vuejs-tutorials
23 error Or if that isn't available, you can get their info via:
23 error     npm owner ls vuejs-tutorials
23 error There is likely additional logging output above.
24 verbose exit [ 1, true ]
